<?xml version="1.0" encoding="UTF-8"?>
<!-- Generated by org.testng.reporters.JUnitXMLReporter -->
<testsuite ignored="0" hostname="LAPTOP-T30NFKDE" failures="0" tests="2" name="Default test" time="29.838" errors="0" timestamp="07 Mar 2024 14:08:10 GMT">
  <testcase classname="com.herokuapp.theinternet.NegativeTests" name="InvalidPasswordTest" time="14.678"/>
  <testcase classname="com.herokuapp.theinternet.NegativeTests" name="InvalidUserNameTest" time="15.137"/>
</testsuite> <!-- Default test -->
