<?xml version="1.0" encoding="UTF-8"?>
<!-- Generated by org.testng.reporters.JUnitXMLReporter -->
<testsuite ignored="0" hostname="LAPTOP-T30NFKDE" failures="0" tests="2" name="NegativeTests" time="30.764" errors="0" timestamp="07 Mar 2024 14:57:20 GMT">
  <testcase classname="com.herokuapp.theinternet.NegativeTests" name="InvalidPasswordTest" time="17.358"/>
  <testcase classname="com.herokuapp.theinternet.NegativeTests" name="InvalidUserNameTest" time="13.403"/>
</testsuite> <!-- NegativeTests -->
