<?xml version="1.0" encoding="UTF-8"?>
<testng-results ignored="3" total="6" passed="3" failed="0" skipped="0">
  <reporter-output>
  </reporter-output>
  <suite started-at="2024-03-08T17:03:21Z" name="LoginTests" finished-at="2024-03-08T17:04:36Z" duration-ms="74292">
    <groups>
      <group name="positiveTests">
        <method signature="LoginTests.positiveLoginTest()[pri:1, instance:com.herokuapp.theinternet.LoginTests@291f18]" name="positiveLoginTest" class="com.herokuapp.theinternet.LoginTests"/>
      </group> <!-- positiveTests -->
      <group name="negativeTests">
        <method signature="LoginTests.negativeLoginTest(java.lang.String, java.lang.String, java.lang.String, java.lang.String)[pri:2, instance:com.herokuapp.theinternet.LoginTests@68702e03]" name="negativeLoginTest" class="com.herokuapp.theinternet.LoginTests"/>
        <method signature="LoginTests.negativeLoginTest(java.lang.String, java.lang.String, java.lang.String, java.lang.String)[pri:2, instance:com.herokuapp.theinternet.LoginTests@58ce9668]" name="negativeLoginTest" class="com.herokuapp.theinternet.LoginTests"/>
      </group> <!-- negativeTests -->
      <group name="smokeTest">
        <method signature="LoginTests.positiveLoginTest()[pri:1, instance:com.herokuapp.theinternet.LoginTests@291f18]" name="positiveLoginTest" class="com.herokuapp.theinternet.LoginTests"/>
        <method signature="LoginTests.negativeLoginTest(java.lang.String, java.lang.String, java.lang.String, java.lang.String)[pri:2, instance:com.herokuapp.theinternet.LoginTests@68702e03]" name="negativeLoginTest" class="com.herokuapp.theinternet.LoginTests"/>
        <method signature="LoginTests.negativeLoginTest(java.lang.String, java.lang.String, java.lang.String, java.lang.String)[pri:2, instance:com.herokuapp.theinternet.LoginTests@58ce9668]" name="negativeLoginTest" class="com.herokuapp.theinternet.LoginTests"/>
      </group> <!-- smokeTest -->
    </groups>
    <test started-at="2024-03-08T17:03:21Z" name="PositiveTests" finished-at="2024-03-08T17:03:36Z" duration-ms="14904">
      <class name="com.herokuapp.theinternet.LoginTests">
        <test-method is-config="true" signature="setup(java.lang.String)[pri:0, instance:com.herokuapp.theinternet.LoginTests@291f18]" started-at="2024-03-08T17:03:21Z" name="setup" finished-at="2024-03-08T17:03:26Z" duration-ms="4611" status="PASS">
          <params>
            <param index="0">
              <value>
                <![CDATA[chrome]]>
              </value>
            </param>
          </params>
          <reporter-output>
          </reporter-output>
        </test-method> <!-- setup -->
        <test-method signature="positiveLoginTest()[pri:1, instance:com.herokuapp.theinternet.LoginTests@291f18]" started-at="2024-03-08T17:03:26Z" name="positiveLoginTest" finished-at="2024-03-08T17:03:36Z" duration-ms="10024" status="PASS">
          <reporter-output>
          </reporter-output>
        </test-method> <!-- positiveLoginTest -->
        <test-method is-config="true" signature="tearDown()[pri:0, instance:com.herokuapp.theinternet.LoginTests@291f18]" started-at="2024-03-08T17:03:36Z" name="tearDown" finished-at="2024-03-08T17:03:36Z" duration-ms="249" status="PASS">
          <reporter-output>
          </reporter-output>
        </test-method> <!-- tearDown -->
      </class> <!-- com.herokuapp.theinternet.LoginTests -->
    </test> <!-- PositiveTests -->
    <test started-at="2024-03-08T17:03:36Z" name="NegativeUsernameTests" finished-at="2024-03-08T17:03:51Z" duration-ms="15022">
      <class name="com.herokuapp.theinternet.LoginTests">
        <test-method is-config="true" signature="setup(java.lang.String)[pri:0, instance:com.herokuapp.theinternet.LoginTests@68702e03]" started-at="2024-03-08T17:03:36Z" name="setup" finished-at="2024-03-08T17:03:41Z" duration-ms="5064" status="PASS">
          <params>
            <param index="0">
              <value>
                <![CDATA[chrome]]>
              </value>
            </param>
          </params>
          <reporter-output>
          </reporter-output>
        </test-method> <!-- setup -->
        <test-method signature="negativeLoginTest(java.lang.String, java.lang.String, java.lang.String, java.lang.String)[pri:2, instance:com.herokuapp.theinternet.LoginTests@68702e03]" started-at="2024-03-08T17:03:41Z" name="negativeLoginTest" finished-at="2024-03-08T17:03:51Z" duration-ms="9641" status="PASS">
          <params>
            <param index="0">
              <value>
                <![CDATA[chrome]]>
              </value>
            </param>
            <param index="1">
              <value>
                <![CDATA[Invalid]]>
              </value>
            </param>
            <param index="2">
              <value>
                <![CDATA[SuperSecretPassword!]]>
              </value>
            </param>
            <param index="3">
              <value>
                <![CDATA[Your username is invalid!]]>
              </value>
            </param>
          </params>
          <reporter-output>
          </reporter-output>
        </test-method> <!-- negativeLoginTest -->
        <test-method is-config="true" signature="tearDown()[pri:0, instance:com.herokuapp.theinternet.LoginTests@68702e03]" started-at="2024-03-08T17:03:51Z" name="tearDown" finished-at="2024-03-08T17:03:51Z" duration-ms="316" status="PASS">
          <reporter-output>
          </reporter-output>
        </test-method> <!-- tearDown -->
      </class> <!-- com.herokuapp.theinternet.LoginTests -->
    </test> <!-- NegativeUsernameTests -->
    <test started-at="2024-03-08T17:03:51Z" name="NegativePasswordTests" finished-at="2024-03-08T17:04:36Z" duration-ms="44315">
      <class name="com.herokuapp.theinternet.LoginTests">
        <test-method is-config="true" signature="setup(java.lang.String)[pri:0, instance:com.herokuapp.theinternet.LoginTests@58ce9668]" started-at="2024-03-08T17:03:51Z" name="setup" finished-at="2024-03-08T17:04:18Z" duration-ms="26718" status="PASS">
          <params>
            <param index="0">
              <value>
                <![CDATA[firefox]]>
              </value>
            </param>
          </params>
          <reporter-output>
          </reporter-output>
        </test-method> <!-- setup -->
        <test-method signature="negativeLoginTest(java.lang.String, java.lang.String, java.lang.String, java.lang.String)[pri:2, instance:com.herokuapp.theinternet.LoginTests@58ce9668]" started-at="2024-03-08T17:04:18Z" name="negativeLoginTest" finished-at="2024-03-08T17:04:33Z" duration-ms="14725" status="PASS">
          <params>
            <param index="0">
              <value>
                <![CDATA[firefox]]>
              </value>
            </param>
            <param index="1">
              <value>
                <![CDATA[tomsmith]]>
              </value>
            </param>
            <param index="2">
              <value>
                <![CDATA[Invalid!]]>
              </value>
            </param>
            <param index="3">
              <value>
                <![CDATA[Your password is invalid!]]>
              </value>
            </param>
          </params>
          <reporter-output>
          </reporter-output>
        </test-method> <!-- negativeLoginTest -->
        <test-method is-config="true" signature="tearDown()[pri:0, instance:com.herokuapp.theinternet.LoginTests@58ce9668]" started-at="2024-03-08T17:04:33Z" name="tearDown" finished-at="2024-03-08T17:04:36Z" duration-ms="2870" status="PASS">
          <reporter-output>
          </reporter-output>
        </test-method> <!-- tearDown -->
      </class> <!-- com.herokuapp.theinternet.LoginTests -->
    </test> <!-- NegativePasswordTests -->
  </suite> <!-- LoginTests -->
</testng-results>
