<?xml version="1.0" encoding="UTF-8"?>
<testng-results ignored="0" total="2" passed="2" failed="0" skipped="0">
  <reporter-output>
  </reporter-output>
  <suite started-at="2024-03-07T17:35:07Z" name="NegativeTests" finished-at="2024-03-07T17:35:35Z" duration-ms="28181">
    <groups>
    </groups>
    <test started-at="2024-03-07T17:35:07Z" name="NegativeTests" finished-at="2024-03-07T17:35:35Z" duration-ms="28181">
      <class name="com.herokuapp.theinternet.NegativeTests">
        <test-method signature="InvalidPasswordTest()[pri:0, instance:com.herokuapp.theinternet.NegativeTests@20ca951f]" started-at="2024-03-07T17:35:07Z" name="InvalidPasswordTest" finished-at="2024-03-07T17:35:21Z" duration-ms="14315" status="PASS">
          <reporter-output>
          </reporter-output>
        </test-method> <!-- InvalidPasswordTest -->
        <test-method signature="InvalidUserNameTest()[pri:1, instance:com.herokuapp.theinternet.NegativeTests@20ca951f]" started-at="2024-03-07T17:35:21Z" name="InvalidUserNameTest" finished-at="2024-03-07T17:35:35Z" duration-ms="13845" status="PASS">
          <reporter-output>
          </reporter-output>
        </test-method> <!-- InvalidUserNameTest -->
      </class> <!-- com.herokuapp.theinternet.NegativeTests -->
    </test> <!-- NegativeTests -->
  </suite> <!-- NegativeTests -->
</testng-results>
