<?xml version="1.0" encoding="UTF-8"?>
<!-- Generated by org.testng.reporters.JUnitXMLReporter -->
<testsuite ignored="1" hostname="LAPTOP-T30NFKDE" failures="0" tests="1" name="NegativeUsernameTests" time="17.893" errors="0" timestamp="08 Mar 2024 13:55:34 GMT">
  <testcase classname="com.herokuapp.theinternet.LoginTests" name="negativeLoginTest" time="17.889"/>
  <testcase classname="com.herokuapp.theinternet.LoginTests" name="positiveLoginTest" time="0.0">
    <ignored/>
  </testcase> <!-- positiveLoginTest -->
</testsuite> <!-- NegativeUsernameTests -->
