<?xml version="1.0" encoding="UTF-8"?>
<!-- Generated by org.testng.reporters.JUnitXMLReporter -->
<testsuite ignored="1" hostname="LAPTOP-T30NFKDE" failures="0" tests="1" name="NegativeTests" time="18.438" errors="0" timestamp="08 Mar 2024 08:36:43 GMT">
  <testcase classname="com.herokuapp.theinternet.NegativeTests" name="InvalidUserNameTest" time="18.405"/>
  <testcase classname="com.herokuapp.theinternet.NegativeTests" name="InvalidPasswordTest" time="0.0">
    <ignored/>
  </testcase> <!-- InvalidPasswordTest -->
</testsuite> <!-- NegativeTests -->
