<?xml version="1.0" encoding="UTF-8"?>
<!-- Generated by org.testng.reporters.JUnitXMLReporter -->
<testsuite ignored="1" hostname="LAPTOP-T30NFKDE" failures="1" tests="1" name="PositiveTests" time="18.516" errors="0" timestamp="08 Mar 2024 13:55:16 GMT">
  <testcase classname="com.herokuapp.theinternet.LoginTests" name="positiveLoginTest" time="18.489">
    <failure type="java.lang.AssertionError" message="Actual is not same as expected expected [https://the-internet.herokuapp.com/secure] but found [https://the-internet.herokuapp.com/login]">
      <![CDATA[java.lang.AssertionError: Actual is not same as expected expected [https://the-internet.herokuapp.com/secure] but found [https://the-internet.herokuapp.com/login]
at com.herokuapp.theinternet.LoginTests.positiveLoginTest(LoginTests.java:57)
... Removed 30 stack frames]]>
    </failure>
  </testcase> <!-- positiveLoginTest -->
  <testcase classname="com.herokuapp.theinternet.LoginTests" name="negativeLoginTest" time="0.0">
    <ignored/>
  </testcase> <!-- negativeLoginTest -->
</testsuite> <!-- PositiveTests -->
